{"CreationTime": "2024-01-15T09:30:45", "Operation": "FileAccessed", "UserId": "john.doe@contoso.com", "ObjectId": "https://contoso.sharepoint.com/sites/finance/documents/budget.xlsx", "UserAgent": "Mozilla/5.0 (Windows NT 10.0; Win64; x64) AppleWebKit/537.36"}
{"CreationTime": "2024-01-15T09:31:12", "Operation": "FileDownloaded", "UserId": "jane.smith@contoso.com", "ObjectId": "https://contoso.sharepoint.com/sites/hr/documents/policy.pdf", "ClientIP": "192.168.1.100"}
{"CreationTime": "2024-01-15T09:32:08", "Operation": "MailItemsAccessed", "UserId": "admin@contoso.com", "Subject": "Quarterly Report", "LabelAppliedDateTime": "2024-01-15T09:32:05", "SensitivityLabel": "Confidential"}
{"CreationTime": "2024-01-15T09:33:24", "Operation": "FileUploaded", "UserId": "bob.wilson@contoso.com", "ObjectId": "https://contoso.sharepoint.com/sites/projects/documents/proposal.docx", "SourceFileName": "proposal_v2.docx"}
{"CreationTime": "2024-01-15T09:34:56", "Operation": "EmailSent", "UserId": "alice.brown@contoso.com", "Recipients": ["external@partner.com"], "Subject": "Partnership Agreement", "Sent": "2024-01-15T09:34:52"}
{"CreationTime": "2024-01-15T09:35:17", "Operation": "FileModified", "UserId": "charlie.davis@contoso.com", "ObjectId": "https://contoso.sharepoint.com/sites/legal/documents/contract.docx", "ModifiedProperties": ["Content"]}
{"CreationTime": "2024-01-15T09:36:43", "Operation": "SearchQueryPerformed", "UserId": "diana.green@contoso.com", "Query": "confidential financial data", "SearchTerms": ["confidential", "financial"]}
{"CreationTime": "2024-01-15T09:37:29", "Operation": "LabelApplied", "UserId": "frank.miller@contoso.com", "ObjectId": "https://contoso.sharepoint.com/sites/research/documents/data.xlsx", "LabelAppliedDateTime": "2024-01-15T09:37:25", "SensitivityLabel": "Highly Confidential"}
{"CreationTime": "2024-01-15T09:38:14", "Operation": "FileDeleted", "UserId": "grace.taylor@contoso.com", "ObjectId": "https://contoso.sharepoint.com/sites/archive/documents/old_file.txt", "DeletionType": "SoftDelete"}
{"CreationTime": "2024-01-15T09:39:02", "Operation": "EmailReceived", "UserId": "henry.anderson@contoso.com", "Sender": "external@vendor.com", "Subject": "Invoice #12345", "Sent": "2024-01-15T09:38:58"}
{"CreationTime": "2024-01-15T09:40:18", "Operation": "CalendarEventCreated", "UserId": "isabel.martinez@contoso.com", "Subject": "Team Meeting", "Attendees": ["team@contoso.com"], "StartTime": "2024-01-16T14:00:00"}
{"CreationTime": "2024-01-15T09:41:33", "Operation": "PowerBIDatasetAccessed", "UserId": "jack.robinson@contoso.com", "DatasetName": "Sales Dashboard", "WorkspaceName": "Finance Workspace"}
{"CreationTime": "2024-01-15T09:42:47", "Operation": "TeamsMessageSent", "UserId": "karen.clark@contoso.com", "ChannelName": "Project Alpha", "MessageContent": "[REDACTED]", "TeamName": "Engineering"}
{"CreationTime": "2024-01-15T09:43:55", "Operation": "OneDriveFileShared", "UserId": "liam.lewis@contoso.com", "ObjectId": "https://contoso-my.sharepoint.com/personal/liam_lewis_contoso_com/documents/presentation.pptx", "SharedWith": ["external@client.com"]}
{"CreationTime": "2024-01-15T09:44:21", "Operation": "EmailForwarded", "UserId": "mia.walker@contoso.com", "OriginalSender": "partner@external.com", "ForwardedTo": ["legal@contoso.com"], "Sent": "2024-01-15T09:44:18", "Subject": "Contract Review Required"}
{"CreationTime": "2024-01-15T09:45:38", "Operation": "SensitivityLabelRemoved", "UserId": "noah.hall@contoso.com", "ObjectId": "https://contoso.sharepoint.com/sites/public/documents/announcement.pdf", "PreviousLabel": "Internal", "LabelAppliedDateTime": "2024-01-15T09:45:35"}
{"CreationTime": "2024-01-15T09:46:12", "Operation": "ExchangeMailboxLogin", "UserId": "olivia.young@contoso.com", "ClientIP": "203.0.113.15", "UserAgent": "Microsoft Outlook 16.0"}
{"CreationTime": "2024-01-15T09:47:26", "Operation": "SharePointSiteAccessed", "UserId": "paul.king@contoso.com", "SiteUrl": "https://contoso.sharepoint.com/sites/confidential", "UserAgent": "Mozilla/5.0 (Macintosh; Intel Mac OS X 10_15_7)"}
{"CreationTime": "2024-01-15T09:48:44", "Operation": "FileVersionCreated", "UserId": "quinn.wright@contoso.com", "ObjectId": "https://contoso.sharepoint.com/sites/documents/shared/report.docx", "VersionNumber": "2.1"}
{"CreationTime": "2024-01-15T09:49:59", "Operation": "EmailWithAttachment", "UserId": "rachel.lopez@contoso.com", "Recipients": ["finance@contoso.com"], "AttachmentNames": ["invoice.pdf", "receipt.jpg"], "Sent": "2024-01-15T09:49:55", "Subject": "Expense Report"}